Coverage Report by instance with details

=================================================================================
=== Instance: /tb
=== Design Unit: work.tb
=================================================================================

Directive Coverage:
    Directives                       1         1         0   100.00%

DIRECTIVE COVERAGE:
--------------------------------------------------------------------------------------------
Name                                     Design Design   Lang File(Line)      Hits Status    
                                         Unit   UnitType                                     
--------------------------------------------------------------------------------------------
/tb/cover__cvr_seq                       tb     Verilog  SVA  tb.sv(34)          3 Covered   

=================================================================================
=== Instance: /tb_sv_unit
=== Design Unit: work.tb_sv_unit
=================================================================================

Covergroup Coverage:
    Covergroups                      4        na        na    89.06%
        Coverpoints/Crosses          8        na        na        na
            Covergroup Bins         42        31        11    73.80%
----------------------------------------------------------------------------------------------------------
Covergroup                                             Metric       Goal       Bins    Status               
                                                                                                         
----------------------------------------------------------------------------------------------------------
 TYPE /tb_sv_unit/cg_fsm_state                         81.25%        100          -    Uncovered            
    covered/total bins:                                    15         24          -                      
    missing/total bins:                                     9         24          -                      
    % Hit:                                             62.50%        100          -                      
    Coverpoint cp_fsm_ps                              100.00%        100          -    Covered              
        covered/total bins:                                 4          4          -                      
        missing/total bins:                                 0          4          -                      
        % Hit:                                        100.00%        100          -                      
    Coverpoint cp_fsm_ns                              100.00%        100          -    Covered              
        covered/total bins:                                 4          4          -                      
        missing/total bins:                                 0          4          -                      
        % Hit:                                        100.00%        100          -                      
    Cross cp_fsm_both                                  43.75%        100          -    Uncovered            
        covered/total bins:                                 7         16          -                      
        missing/total bins:                                 9         16          -                      
        % Hit:                                         43.75%        100          -                      
 Covergroup instance \/tb/cg_1_inst                    81.25%        100          -    Uncovered            
    covered/total bins:                                    15         24          -                      
    missing/total bins:                                     9         24          -                      
    % Hit:                                             62.50%        100          -                      
    Coverpoint cp_fsm_ps                              100.00%        100          -    Covered              
        covered/total bins:                                 4          4          -                      
        missing/total bins:                                 0          4          -                      
        % Hit:                                        100.00%        100          -                      
        bin auto[TEST]                                   2476          1          -    Covered              
        bin auto[SWAP]                                     63          1          -    Covered              
        bin auto[SUBT]                                   2464          1          -    Covered              
        bin auto[DONE]                                     44          1          -    Covered              
    Coverpoint cp_fsm_ns                              100.00%        100          -    Covered              
        covered/total bins:                                 4          4          -                      
        missing/total bins:                                 0          4          -                      
        % Hit:                                        100.00%        100          -                      
        bin auto[TEST]                                   2476          1          -    Covered              
        bin auto[SWAP]                                     63          1          -    Covered              
        bin auto[SUBT]                                   2464          1          -    Covered              
        bin auto[DONE]                                     44          1          -    Covered              
    Cross cp_fsm_both                                  43.75%        100          -    Uncovered            
        covered/total bins:                                 7         16          -                      
        missing/total bins:                                 9         16          -                      
        % Hit:                                         43.75%        100          -                      
        Auto, Default and User Defined Bins:
            bin <auto[DONE],auto[DONE]>                    32          1          -    Covered              
            bin <auto[TEST],auto[DONE]>                    12          1          -    Covered              
            bin <auto[SWAP],auto[SUBT]>                    63          1          -    Covered              
            bin <auto[TEST],auto[SUBT]>                  2401          1          -    Covered              
            bin <auto[TEST],auto[SWAP]>                    63          1          -    Covered              
            bin <auto[DONE],auto[TEST]>                    12          1          -    Covered              
            bin <auto[SUBT],auto[TEST]>                  2464          1          -    Covered              
            bin <auto[SUBT],auto[DONE]>                     0          1          1    ZERO                 
            bin <auto[SWAP],auto[DONE]>                     0          1          1    ZERO                 
            bin <auto[DONE],auto[SUBT]>                     0          1          1    ZERO                 
            bin <auto[SUBT],auto[SUBT]>                     0          1          1    ZERO                 
            bin <auto[DONE],auto[SWAP]>                     0          1          1    ZERO                 
            bin <auto[SUBT],auto[SWAP]>                     0          1          1    ZERO                 
            bin <auto[SWAP],auto[SWAP]>                     0          1          1    ZERO                 
            bin <auto[SWAP],auto[TEST]>                     0          1          1    ZERO                 
            bin <auto[TEST],auto[TEST]>                     0          1          1    ZERO                 
 TYPE /tb_sv_unit/cg_op_mon                            83.33%        100          -    Uncovered            
    covered/total bins:                                     5          6          -                      
    missing/total bins:                                     1          6          -                      
    % Hit:                                             83.33%        100          -                      
    Coverpoint cp_gcd_op                               83.33%        100          -    Uncovered            
        covered/total bins:                                 5          6          -                      
        missing/total bins:                                 1          6          -                      
        % Hit:                                         83.33%        100          -                      
 Covergroup instance \/tb/cg_2_inst                    83.33%        100          -    Uncovered            
    covered/total bins:                                     5          6          -                      
    missing/total bins:                                     1          6          -                      
    % Hit:                                             83.33%        100          -                      
    Coverpoint cp_gcd_op                               83.33%        100          -    Uncovered            
        covered/total bins:                                 5          6          -                      
        missing/total bins:                                 1          6          -                      
        % Hit:                                         83.33%        100          -                      
        bin bin_1                                         440          1          -    Covered              
        bin bin_2                                          89          1          -    Covered              
        bin bin_3                                          95          1          -    Covered              
        bin bin_4                                          19          1          -    Covered              
        bin bin_5                                          12          1          -    Covered              
        bin bin_6                                           0          1          -    ZERO                 
 TYPE /tb_sv_unit/cg_fsm_ps_mon                       100.00%        100          -    Covered              
    covered/total bins:                                     4          4          -                      
    missing/total bins:                                     0          4          -                      
    % Hit:                                            100.00%        100          -                      
    Coverpoint cp_gdc_ps_mon                          100.00%        100          -    Covered              
        covered/total bins:                                 4          4          -                      
        missing/total bins:                                 0          4          -                      
        % Hit:                                        100.00%        100          -                      
 Covergroup instance \/tb/cg_3_inst                   100.00%        100          -    Covered              
    covered/total bins:                                     4          4          -                      
    missing/total bins:                                     0          4          -                      
    % Hit:                                            100.00%        100          -                      
    Coverpoint cp_gdc_ps_mon                          100.00%        100          -    Covered              
        covered/total bins:                                 4          4          -                      
        missing/total bins:                                 0          4          -                      
        % Hit:                                        100.00%        100          -                      
        illegal_bin illegal                                 0                     -    ZERO                 
        bin auto[TEST]                                   2476          1          -    Covered              
        bin auto[SWAP]                                     63          1          -    Covered              
        bin auto[SUBT]                                   2464          1          -    Covered              
        bin auto[DONE]                                     44          1          -    Covered              
 TYPE /tb_sv_unit/cg_reg_mon                           91.66%        100          -    Uncovered            
    covered/total bins:                                     7          8          -                      
    missing/total bins:                                     1          8          -                      
    % Hit:                                             87.50%        100          -                      
    Coverpoint cp_swap_reg                            100.00%        100          -    Covered              
        covered/total bins:                                 2          2          -                      
        missing/total bins:                                 0          2          -                      
        % Hit:                                        100.00%        100          -                      
    Coverpoint cp_sub_reg                             100.00%        100          -    Covered              
        covered/total bins:                                 2          2          -                      
        missing/total bins:                                 0          2          -                      
        % Hit:                                        100.00%        100          -                      
    Cross cp_both_reg                                  75.00%        100          -    Uncovered            
        covered/total bins:                                 3          4          -                      
        missing/total bins:                                 1          4          -                      
        % Hit:                                         75.00%        100          -                      
 Covergroup instance \/tb/cg_4_inst                    91.66%        100          -    Uncovered            
    covered/total bins:                                     7          8          -                      
    missing/total bins:                                     1          8          -                      
    % Hit:                                             87.50%        100          -                      
    Coverpoint cp_swap_reg                            100.00%        100          -    Covered              
        covered/total bins:                                 2          2          -                      
        missing/total bins:                                 0          2          -                      
        % Hit:                                        100.00%        100          -                      
        bin auto[0]                                      4984          1          -    Covered              
        bin auto[1]                                        63          1          -    Covered              
    Coverpoint cp_sub_reg                             100.00%        100          -    Covered              
        covered/total bins:                                 2          2          -                      
        missing/total bins:                                 0          2          -                      
        % Hit:                                        100.00%        100          -                      
        bin auto[0]                                      2583          1          -    Covered              
        bin auto[1]                                      2464          1          -    Covered              
    Cross cp_both_reg                                  75.00%        100          -    Uncovered            
        covered/total bins:                                 3          4          -                      
        missing/total bins:                                 1          4          -                      
        % Hit:                                         75.00%        100          -                      
        Auto, Default and User Defined Bins:
            bin <auto[0],auto[1]>                        2464          1          -    Covered              
            bin <auto[1],auto[0]>                          63          1          -    Covered              
            bin <auto[0],auto[0]>                        2520          1          -    Covered              
            bin <auto[1],auto[1]>                           0          1          1    ZERO                 

COVERGROUP COVERAGE:
----------------------------------------------------------------------------------------------------------
Covergroup                                             Metric       Goal       Bins    Status               
                                                                                                         
----------------------------------------------------------------------------------------------------------
 TYPE /tb_sv_unit/cg_fsm_state                         81.25%        100          -    Uncovered            
    covered/total bins:                                    15         24          -                      
    missing/total bins:                                     9         24          -                      
    % Hit:                                             62.50%        100          -                      
    Coverpoint cp_fsm_ps                              100.00%        100          -    Covered              
        covered/total bins:                                 4          4          -                      
        missing/total bins:                                 0          4          -                      
        % Hit:                                        100.00%        100          -                      
    Coverpoint cp_fsm_ns                              100.00%        100          -    Covered              
        covered/total bins:                                 4          4          -                      
        missing/total bins:                                 0          4          -                      
        % Hit:                                        100.00%        100          -                      
    Cross cp_fsm_both                                  43.75%        100          -    Uncovered            
        covered/total bins:                                 7         16          -                      
        missing/total bins:                                 9         16          -                      
        % Hit:                                         43.75%        100          -                      
 Covergroup instance \/tb/cg_1_inst                    81.25%        100          -    Uncovered            
    covered/total bins:                                    15         24          -                      
    missing/total bins:                                     9         24          -                      
    % Hit:                                             62.50%        100          -                      
    Coverpoint cp_fsm_ps                              100.00%        100          -    Covered              
        covered/total bins:                                 4          4          -                      
        missing/total bins:                                 0          4          -                      
        % Hit:                                        100.00%        100          -                      
        bin auto[TEST]                                   2476          1          -    Covered              
        bin auto[SWAP]                                     63          1          -    Covered              
        bin auto[SUBT]                                   2464          1          -    Covered              
        bin auto[DONE]                                     44          1          -    Covered              
    Coverpoint cp_fsm_ns                              100.00%        100          -    Covered              
        covered/total bins:                                 4          4          -                      
        missing/total bins:                                 0          4          -                      
        % Hit:                                        100.00%        100          -                      
        bin auto[TEST]                                   2476          1          -    Covered              
        bin auto[SWAP]                                     63          1          -    Covered              
        bin auto[SUBT]                                   2464          1          -    Covered              
        bin auto[DONE]                                     44          1          -    Covered              
    Cross cp_fsm_both                                  43.75%        100          -    Uncovered            
        covered/total bins:                                 7         16          -                      
        missing/total bins:                                 9         16          -                      
        % Hit:                                         43.75%        100          -                      
        Auto, Default and User Defined Bins:
            bin <auto[DONE],auto[DONE]>                    32          1          -    Covered              
            bin <auto[TEST],auto[DONE]>                    12          1          -    Covered              
            bin <auto[SWAP],auto[SUBT]>                    63          1          -    Covered              
            bin <auto[TEST],auto[SUBT]>                  2401          1          -    Covered              
            bin <auto[TEST],auto[SWAP]>                    63          1          -    Covered              
            bin <auto[DONE],auto[TEST]>                    12          1          -    Covered              
            bin <auto[SUBT],auto[TEST]>                  2464          1          -    Covered              
            bin <auto[SUBT],auto[DONE]>                     0          1          1    ZERO                 
            bin <auto[SWAP],auto[DONE]>                     0          1          1    ZERO                 
            bin <auto[DONE],auto[SUBT]>                     0          1          1    ZERO                 
            bin <auto[SUBT],auto[SUBT]>                     0          1          1    ZERO                 
            bin <auto[DONE],auto[SWAP]>                     0          1          1    ZERO                 
            bin <auto[SUBT],auto[SWAP]>                     0          1          1    ZERO                 
            bin <auto[SWAP],auto[SWAP]>                     0          1          1    ZERO                 
            bin <auto[SWAP],auto[TEST]>                     0          1          1    ZERO                 
            bin <auto[TEST],auto[TEST]>                     0          1          1    ZERO                 
 TYPE /tb_sv_unit/cg_op_mon                            83.33%        100          -    Uncovered            
    covered/total bins:                                     5          6          -                      
    missing/total bins:                                     1          6          -                      
    % Hit:                                             83.33%        100          -                      
    Coverpoint cp_gcd_op                               83.33%        100          -    Uncovered            
        covered/total bins:                                 5          6          -                      
        missing/total bins:                                 1          6          -                      
        % Hit:                                         83.33%        100          -                      
 Covergroup instance \/tb/cg_2_inst                    83.33%        100          -    Uncovered            
    covered/total bins:                                     5          6          -                      
    missing/total bins:                                     1          6          -                      
    % Hit:                                             83.33%        100          -                      
    Coverpoint cp_gcd_op                               83.33%        100          -    Uncovered            
        covered/total bins:                                 5          6          -                      
        missing/total bins:                                 1          6          -                      
        % Hit:                                         83.33%        100          -                      
        bin bin_1                                         440          1          -    Covered              
        bin bin_2                                          89          1          -    Covered              
        bin bin_3                                          95          1          -    Covered              
        bin bin_4                                          19          1          -    Covered              
        bin bin_5                                          12          1          -    Covered              
        bin bin_6                                           0          1          -    ZERO                 
 TYPE /tb_sv_unit/cg_fsm_ps_mon                       100.00%        100          -    Covered              
    covered/total bins:                                     4          4          -                      
    missing/total bins:                                     0          4          -                      
    % Hit:                                            100.00%        100          -                      
    Coverpoint cp_gdc_ps_mon                          100.00%        100          -    Covered              
        covered/total bins:                                 4          4          -                      
        missing/total bins:                                 0          4          -                      
        % Hit:                                        100.00%        100          -                      
 Covergroup instance \/tb/cg_3_inst                   100.00%        100          -    Covered              
    covered/total bins:                                     4          4          -                      
    missing/total bins:                                     0          4          -                      
    % Hit:                                            100.00%        100          -                      
    Coverpoint cp_gdc_ps_mon                          100.00%        100          -    Covered              
        covered/total bins:                                 4          4          -                      
        missing/total bins:                                 0          4          -                      
        % Hit:                                        100.00%        100          -                      
        illegal_bin illegal                                 0                     -    ZERO                 
        bin auto[TEST]                                   2476          1          -    Covered              
        bin auto[SWAP]                                     63          1          -    Covered              
        bin auto[SUBT]                                   2464          1          -    Covered              
        bin auto[DONE]                                     44          1          -    Covered              
 TYPE /tb_sv_unit/cg_reg_mon                           91.66%        100          -    Uncovered            
    covered/total bins:                                     7          8          -                      
    missing/total bins:                                     1          8          -                      
    % Hit:                                             87.50%        100          -                      
    Coverpoint cp_swap_reg                            100.00%        100          -    Covered              
        covered/total bins:                                 2          2          -                      
        missing/total bins:                                 0          2          -                      
        % Hit:                                        100.00%        100          -                      
    Coverpoint cp_sub_reg                             100.00%        100          -    Covered              
        covered/total bins:                                 2          2          -                      
        missing/total bins:                                 0          2          -                      
        % Hit:                                        100.00%        100          -                      
    Cross cp_both_reg                                  75.00%        100          -    Uncovered            
        covered/total bins:                                 3          4          -                      
        missing/total bins:                                 1          4          -                      
        % Hit:                                         75.00%        100          -                      
 Covergroup instance \/tb/cg_4_inst                    91.66%        100          -    Uncovered            
    covered/total bins:                                     7          8          -                      
    missing/total bins:                                     1          8          -                      
    % Hit:                                             87.50%        100          -                      
    Coverpoint cp_swap_reg                            100.00%        100          -    Covered              
        covered/total bins:                                 2          2          -                      
        missing/total bins:                                 0          2          -                      
        % Hit:                                        100.00%        100          -                      
        bin auto[0]                                      4984          1          -    Covered              
        bin auto[1]                                        63          1          -    Covered              
    Coverpoint cp_sub_reg                             100.00%        100          -    Covered              
        covered/total bins:                                 2          2          -                      
        missing/total bins:                                 0          2          -                      
        % Hit:                                        100.00%        100          -                      
        bin auto[0]                                      2583          1          -    Covered              
        bin auto[1]                                      2464          1          -    Covered              
    Cross cp_both_reg                                  75.00%        100          -    Uncovered            
        covered/total bins:                                 3          4          -                      
        missing/total bins:                                 1          4          -                      
        % Hit:                                         75.00%        100          -                      
        Auto, Default and User Defined Bins:
            bin <auto[0],auto[1]>                        2464          1          -    Covered              
            bin <auto[1],auto[0]>                          63          1          -    Covered              
            bin <auto[0],auto[0]>                        2520          1          -    Covered              
            bin <auto[1],auto[1]>                           0          1          1    ZERO                 

TOTAL COVERGROUP COVERAGE: 89.06%  COVERGROUP TYPES: 4

DIRECTIVE COVERAGE:
--------------------------------------------------------------------------------------------
Name                                     Design Design   Lang File(Line)      Hits Status    
                                         Unit   UnitType                                     
--------------------------------------------------------------------------------------------
/tb/cover__cvr_seq                       tb     Verilog  SVA  tb.sv(34)          3 Covered   

TOTAL DIRECTIVE COVERAGE: 100.00%  COVERS: 1

Total Coverage By Instance (filtered view): 94.53%

