/usr/local/apps/synopsys/current_synthesis/auxx/gui/dv/dv_setup.tcl
/usr/local/apps/synopsys/current_synthesis/auxx/gui/syn/snpsSynProcs.tcl
/usr/local/apps/synopsys/current_synthesis/auxx/gui/syn/layout/pkgIndex.tcl
/usr/local/apps/synopsys/current_synthesis/auxx/gui/common/tq/pkgIndex.tcl
/usr/local/apps/synopsys/current_synthesis/auxx/gui/common/docBrowser/pkgIndex.tcl
/usr/local/apps/synopsys/current_synthesis/auxx/gui/common/qtcl/pkgIndex.tcl
/usr/local/apps/synopsys/current_synthesis/auxx/gui/common/profiler/pkgIndex.tcl
/usr/local/apps/synopsys/current_synthesis/auxx/gui/common/highlight/pkgIndex.tcl
/usr/local/apps/synopsys/current_synthesis/auxx/gui/common/tiledview/pkgIndex.tcl
/usr/local/apps/synopsys/current_synthesis/auxx/gui/common/mrupalette/pkgIndex.tcl
/usr/local/apps/synopsys/current_synthesis/auxx/gui/common/histogram/pkgIndex.tcl
/usr/local/apps/synopsys/current_synthesis/auxx/gui/common/palettegroup/pkgIndex.tcl
/usr/local/apps/synopsys/current_synthesis/auxx/gui/common/layout/pkgIndex.tcl
/usr/local/apps/synopsys/current_synthesis/auxx/gui/common/select/pkgIndex.tcl
/usr/local/apps/synopsys/current_synthesis/auxx/gui/common/pathinspector/pkgIndex.tcl
/usr/local/apps/synopsys/current_synthesis/auxx/gui/common/regressionToolkit/pkgIndex.tcl
/usr/local/apps/synopsys/current_synthesis/auxx/gui/common/fanoutviewer/pkgIndex.tcl
/usr/local/apps/synopsys/current_synthesis/auxx/gui/common/table/pkgIndex.tcl
/usr/local/apps/synopsys/current_synthesis/auxx/gui/common/opdlg/pkgIndex.tcl
/usr/local/apps/synopsys/current_synthesis/auxx/gui/common/timing/pkgIndex.tcl
/usr/local/apps/synopsys/current_synthesis/auxx/gui/common/acg/pkgIndex.tcl
/usr/local/apps/synopsys/current_synthesis/auxx/gui/common/strokes/pkgIndex.tcl
/usr/local/apps/synopsys/current_synthesis/auxx/gui/common/libviewer/pkgIndex.tcl
/usr/local/apps/synopsys/current_synthesis/auxx/gui/common/menus/pkgIndex.tcl
/usr/local/apps/synopsys/current_synthesis/auxx/gui/common/view/pkgIndex.tcl
/usr/local/apps/synopsys/current_synthesis/auxx/gui/common/commandform/pkgIndex.tcl
/usr/local/apps/synopsys/current_synthesis/auxx/gui/common/WindowFrameWork/pkgIndex.tcl
/usr/local/apps/synopsys/current_synthesis/auxx/gui/common/schematic/pkgIndex.tcl
/usr/local/apps/synopsys/current_synthesis/auxx/gui/common/misc/pkgIndex.tcl
/usr/local/apps/synopsys/current_synthesis/auxx/gui/common/tcl-dp/pkgIndex.tcl
/usr/local/apps/synopsys/current_synthesis/auxx/gui/common/dialogs/pkgIndex.tcl
/usr/local/apps/synopsys/current_synthesis/auxx/gui/common/setup/pkgIndex.tcl
/usr/local/apps/synopsys/current_synthesis/auxx/gui/common/hierarchy/pkgIndex.tcl
/usr/local/apps/synopsys/current_synthesis/auxx/gui/dv/pkgIndex.tcl
/usr/local/apps/synopsys/current_synthesis/auxx/syn/lib/pkgIndex.tcl
/usr/local/apps/synopsys/current_synthesis/auxx/tcllib/lib/iwidgets4.1/pkgIndex.tcl
/usr/local/apps/synopsys/current_synthesis/auxx/tcllib/snps_tcl/snpsTclPro/pkgIndex.tcl
/usr/local/apps/synopsys/current_synthesis/auxx/tcllib/snps_tcl/snpsTest/pkgIndex.tcl
/usr/local/apps/synopsys/current_synthesis/auxx/tcllib/snps_tcl/snpsUtils/pkgIndex.tcl
/usr/local/apps/synopsys/current_synthesis/auxx/tcllib/snps_tcl/pkgIndex.tcl
/usr/local/apps/synopsys/current_synthesis/auxx/tcllib/lib/tcl8.6/reg/pkgIndex.tcl
/usr/local/apps/synopsys/current_synthesis/auxx/tcllib/lib/tcl8.6/dde/pkgIndex.tcl
/usr/local/apps/synopsys/current_synthesis/auxx/tcllib/lib/tcl8.6/platform/pkgIndex.tcl
/usr/local/apps/synopsys/current_synthesis/auxx/tcllib/lib/tcl8.6/tcltest/pkgIndex.tcl
/usr/local/apps/synopsys/current_synthesis/auxx/tcllib/lib/tcl8.6/http/pkgIndex.tcl
/usr/local/apps/synopsys/current_synthesis/auxx/tcllib/lib/tcl8.6/msgcat/pkgIndex.tcl
/usr/local/apps/synopsys/current_synthesis/auxx/tcllib/lib/tcl8.6/http1.0/pkgIndex.tcl
/usr/local/apps/synopsys/current_synthesis/auxx/tcllib/lib/tcl8.6/opt/pkgIndex.tcl
/usr/local/apps/synopsys/current_synthesis/auxx/gui/common/setup/snpsCommonSetup.tcl
/usr/local/apps/synopsys/current_synthesis/auxx/gui/common/setup/snpsCustomize.tcl
/usr/local/apps/synopsys/current_synthesis/auxx/gui/common/setup/snpsProcheck.tcl
/usr/local/apps/synopsys/current_synthesis/auxx/gui/common/qtcl/.synopsys_qtcl.tcl
/usr/local/apps/synopsys/current_synthesis/auxx/gui/common/highlight/highlight.tcl
/usr/local/apps/synopsys/current_synthesis/auxx/gui/common/misc/base.tcl
/usr/local/apps/synopsys/current_synthesis/auxx/gui/common/misc/timing.tcl
/usr/local/apps/synopsys/current_synthesis/auxx/gui/common/misc/setting.tcl
/usr/local/apps/synopsys/current_synthesis/auxx/gui/common/misc/preset.tcl
/usr/local/apps/synopsys/current_synthesis/auxx/gui/common/WindowFrameWork/windowFrameWork.tcl
/usr/local/apps/synopsys/current_synthesis/auxx/gui/common/WindowFrameWork/skipBusyCursorCmdList.tcl
/usr/local/apps/synopsys/current_synthesis/auxx/gui/common/docBrowser/docBrowser.tcl
/usr/local/apps/synopsys/current_synthesis/auxx/tcllib/snps_tcl/snpsUtils/snpsUtils.tcl
/usr/local/apps/synopsys/current_synthesis/auxx/gui/common/dialogs/ObjectChooser.tcl
/usr/local/apps/synopsys/current_synthesis/auxx/gui/common/misc/DialogObjectChooser.tcl
/usr/local/apps/synopsys/current_synthesis/auxx/gui/common/dialogs/HistBinInformation.tcl
/usr/local/apps/synopsys/current_synthesis/auxx/gui/common/dialogs/HistBin1Information.tcl
/usr/local/apps/synopsys/current_synthesis/auxx/gui/common/dialogs/BinsOnlyInformation.tcl
/usr/local/apps/synopsys/current_synthesis/auxx/gui/common/dialogs/FileChooser.tcl
/usr/local/apps/synopsys/current_synthesis/auxx/gui/common/dialogs/PathPinSimpleInfo.tcl
/usr/local/apps/synopsys/current_synthesis/auxx/gui/common/dialogs/PathsBasicInfo.tcl
/usr/local/apps/synopsys/current_synthesis/auxx/gui/common/dialogs/PathsBasicSimpleInfo.tcl
/usr/local/apps/synopsys/current_synthesis/auxx/gui/common/dialogs/SlctOperationInfo.tcl
/usr/local/apps/synopsys/current_synthesis/auxx/gui/common/dialogs/ObjectListInfo.tcl
/usr/local/apps/synopsys/current_synthesis/auxx/gui/common/dialogs/FanInOutInfo.tcl
/usr/local/apps/synopsys/current_synthesis/auxx/gui/common/dialogs/NumberOfLevelsChooser.tcl
/usr/local/apps/synopsys/current_synthesis/auxx/gui/common/dialogs/WindowReuseInfo.tcl
/usr/local/apps/synopsys/current_synthesis/auxx/gui/common/dialogs/ReportOutputOptionInfo.tcl
/usr/local/apps/synopsys/current_synthesis/auxx/gui/common/setup/snpsCollections.tcl
/usr/local/apps/synopsys/current_synthesis/auxx/gui/common/dialogs/CompileLinkDesign.tcl
/usr/local/apps/synopsys/current_synthesis/auxx/gui/common/histogram/DialogEndpointSlack.tcl
/usr/local/apps/synopsys/current_synthesis/auxx/gui/common/histogram/DialogPathsSlack.tcl
/usr/local/apps/synopsys/current_synthesis/auxx/gui/common/histogram/DialogNetCapacitance.tcl
/usr/local/apps/synopsys/current_synthesis/auxx/gui/common/schematic/DialogPathSchematicFanInOut.tcl
/usr/local/apps/synopsys/current_synthesis/auxx/gui/common/schematic/DialogPathSchematicAddPaths.tcl
/nfs/guille/a1/cadlibs/synop_lib/SAED_EDK90nm/Digital_Standard_Cell_Library/synopsys/models/saed90nm_typ_pg.db
/usr/local/apps/synopsys/current_synthesis/libraries/syn/gtech.db
/usr/local/apps/synopsys/current_synthesis/libraries/syn/standard.sldb
/nfs/stak/users/liangpa/ece474/hw5/count.sv
/nfs/stak/users/liangpa/synopsys_cache_L-2016.03-SP2/DW01/DW01_MUX/str/saed90nm_typ_pg_1448_8167_4958/element.ddc
/nfs/stak/users/liangpa/synopsys_cache_L-2016.03-SP2/DW01/DW01_mmux/str/2/saed90nm_typ_pg_1448_8167_4958/element.ddc
/nfs/stak/users/liangpa/synopsys_cache_L-2016.03-SP2/DW01/DW01_mmux/str/3/saed90nm_typ_pg_1448_8167_4958/element.ddc
/nfs/stak/users/liangpa/synopsys_cache_L-2016.03-SP2/DW01/DW01_mmux/str/4/saed90nm_typ_pg_1448_8167_4958/element.ddc
/nfs/stak/users/liangpa/synopsys_cache_L-2016.03-SP2/DW01/DW01_mmux/str/5/saed90nm_typ_pg_1448_8167_4958/element.ddc
/nfs/stak/users/liangpa/synopsys_cache_L-2016.03-SP2/DW01/DW01_inc/rpl/8/saed90nm_typ_pg_1448_8167_4958/element.ddc
/nfs/stak/users/liangpa/synopsys_cache_L-2016.03-SP2/DW01/DW01_inc/rpl/3/saed90nm_typ_pg_1448_8167_4958/element.ddc
/nfs/stak/users/liangpa/synopsys_cache_L-2016.03-SP2/DW01/DW01_cmp2/rpl/3/saed90nm_typ_pg_1448_8167_4958/element.ddc
/nfs/stak/users/liangpa/synopsys_cache_L-2016.03-SP2/DW01/DW01_NOT/str/saed90nm_typ_pg_1448_8167_4958/element.ddc
/nfs/stak/users/liangpa/synopsys_cache_L-2016.03-SP2/DW01/DW01_cmp6/rpl/3/saed90nm_typ_pg_1448_8167_4958/element.ddc
/nfs/stak/users/liangpa/synopsys_cache_L-2016.03-SP2/DW01/DW01_add/rpl/8/saed90nm_typ_pg_1448_8167_4958/element.ddc
/nfs/stak/users/liangpa/synopsys_cache_L-2016.03-SP2/DW01/DW01_add/cla/8/saed90nm_typ_pg_1448_8167_4958/element.ddc
/nfs/stak/users/liangpa/synopsys_cache_L-2016.03-SP2/DW01/DW01_incdec/rpl/8/saed90nm_typ_pg_1448_8167_4958/element.ddc
/nfs/stak/users/liangpa/synopsys_cache_L-2016.03-SP2/DW01/DW01_add/rpl/3/saed90nm_typ_pg_1448_8167_4958/element.ddc
/nfs/stak/users/liangpa/synopsys_cache_L-2016.03-SP2/DW01/DW01_add/cla/3/saed90nm_typ_pg_1448_8167_4958/element.ddc
/nfs/stak/users/liangpa/synopsys_cache_L-2016.03-SP2/DW01/DW01_incdec/rpl/3/saed90nm_typ_pg_1448_8167_4958/element.ddc
/nfs/stak/users/liangpa/synopsys_cache_L-2016.03-SP2/DW01/DW01_cmp2/rpl/3/saed90nm_typ_pg_1448/element.ddc
/nfs/stak/users/liangpa/synopsys_cache_L-2016.03-SP2/DW01/DW01_inc/rpl/3/saed90nm_typ_pg_1448/element.ddc
/nfs/stak/users/liangpa/synopsys_cache_L-2016.03-SP2/DW01/DW01_inc/rpl/8/saed90nm_typ_pg_1448/element.ddc
/nfs/guille/a1/cadlibs/synop_lib/SAED_EDK90nm/Digital_Standard_Cell_Library/synopsys/models/saed90nm_typ_pg.db
